Determining if the pthread_create exist failed with the following output:
Change Dir: /home/lutec5/catkin_ws/build/CMakeFiles/CMakeTmp

Run Build Command:"/usr/bin/make" "cmTC_ab041/fast"
/usr/bin/make -f CMakeFiles/cmTC_ab041.dir/build.make CMakeFiles/cmTC_ab041.dir/build
make[1]: Entering directory '/home/lutec5/catkin_ws/build/CMakeFiles/CMakeTmp'
Building C object CMakeFiles/cmTC_ab041.dir/CheckSymbolExists.c.o
/usr/bin/cc    -o CMakeFiles/cmTC_ab041.dir/CheckSymbolExists.c.o   -c /home/lutec5/catkin_ws/build/CMakeFiles/CMakeTmp/CheckSymbolExists.c
Linking C executable cmTC_ab041
/usr/local/bin/cmake -E cmake_link_script CMakeFiles/cmTC_ab041.dir/link.txt --verbose=1
/usr/bin/cc      -rdynamic CMakeFiles/cmTC_ab041.dir/CheckSymbolExists.c.o  -o cmTC_ab041 
CMakeFiles/cmTC_ab041.dir/CheckSymbolExists.c.o: In function `main':
CheckSymbolExists.c:(.text+0x16): undefined reference to `pthread_create'
collect2: error: ld returned 1 exit status
CMakeFiles/cmTC_ab041.dir/build.make:86: recipe for target 'cmTC_ab041' failed
make[1]: *** [cmTC_ab041] Error 1
make[1]: Leaving directory '/home/lutec5/catkin_ws/build/CMakeFiles/CMakeTmp'
Makefile:121: recipe for target 'cmTC_ab041/fast' failed
make: *** [cmTC_ab041/fast] Error 2

File /home/lutec5/catkin_ws/build/CMakeFiles/CMakeTmp/CheckSymbolExists.c:
/* */
#include <pthread.h>

int main(int argc, char** argv)
{
  (void)argv;
#ifndef pthread_create
  return ((int*)(&pthread_create))[argc];
#else
  (void)argc;
  return 0;
#endif
}

Determining if the function pthread_create exists in the pthreads failed with the following output:
Change Dir: /home/lutec5/catkin_ws/build/CMakeFiles/CMakeTmp

Run Build Command:"/usr/bin/make" "cmTC_f82f2/fast"
/usr/bin/make -f CMakeFiles/cmTC_f82f2.dir/build.make CMakeFiles/cmTC_f82f2.dir/build
make[1]: Entering directory '/home/lutec5/catkin_ws/build/CMakeFiles/CMakeTmp'
Building C object CMakeFiles/cmTC_f82f2.dir/CheckFunctionExists.c.o
/usr/bin/cc   -DCHECK_FUNCTION_EXISTS=pthread_create   -o CMakeFiles/cmTC_f82f2.dir/CheckFunctionExists.c.o   -c /usr/local/share/cmake-3.13/Modules/CheckFunctionExists.c
Linking C executable cmTC_f82f2
/usr/local/bin/cmake -E cmake_link_script CMakeFiles/cmTC_f82f2.dir/link.txt --verbose=1
/usr/bin/cc  -DCHECK_FUNCTION_EXISTS=pthread_create    -rdynamic CMakeFiles/cmTC_f82f2.dir/CheckFunctionExists.c.o  -o cmTC_f82f2 -lpthreads 
/usr/bin/ld: cannot find -lpthreads
collect2: error: ld returned 1 exit status
CMakeFiles/cmTC_f82f2.dir/build.make:86: recipe for target 'cmTC_f82f2' failed
make[1]: *** [cmTC_f82f2] Error 1
make[1]: Leaving directory '/home/lutec5/catkin_ws/build/CMakeFiles/CMakeTmp'
Makefile:121: recipe for target 'cmTC_f82f2/fast' failed
make: *** [cmTC_f82f2/fast] Error 2


